2019-02-18 06:03:25
<xml><ToUserName><![CDATA[gh_7a714f3a889f]]></ToUserName>
<FromUserName><![CDATA[oXz456GPeJdpd2yQLl8amJxlSFVI]]></FromUserName>
<CreateTime>1550468687</CreateTime>
<MsgType><![CDATA[event]]></MsgType>
<Event><![CDATA[subscribe]]></Event>
<EventKey><![CDATA[]]></EventKey>
</xml>
<<<<<<<2019-02-18 06:03:38
<xml><ToUserName><![CDATA[gh_7a714f3a889f]]></ToUserName>
<FromUserName><![CDATA[oXz456GPeJdpd2yQLl8amJxlSFVI]]></FromUserName>
<CreateTime>1550468687</CreateTime>
<MsgType><![CDATA[event]]></MsgType>
<Event><![CDATA[subscribe]]></Event>
<EventKey><![CDATA[]]></EventKey>
</xml>
<<<<<<<2019-02-18 06:03:45
<xml><ToUserName><![CDATA[gh_7a714f3a889f]]></ToUserName>
<FromUserName><![CDATA[oXz456GPeJdpd2yQLl8amJxlSFVI]]></FromUserName>
<CreateTime>1550468687</CreateTime>
<MsgType><![CDATA[event]]></MsgType>
<Event><![CDATA[subscribe]]></Event>
<EventKey><![CDATA[]]></EventKey>
</xml>
<<<<<<<